<!DOCTYPE html PUBLIC "-//W3C//DTD XHTML 1.1//EN" "http://www.w3.org/TR/xhtml11/DTD/xhtml11.dtd">
<html xmlns="http://www.w3.org/1999/xhtml"><head><title>TestNG Report</title><style type="text/css">table {margin-bottom:10px;border-collapse:collapse;empty-cells:show}th,td {border:1px solid #009;padding:.25em .5em}th {vertical-align:bottom}td {vertical-align:top}table a {font-weight:bold}.stripe td {background-color: #E6EBF9}.num {text-align:right}.passedodd td {background-color: #3F3}.passedeven td {background-color: #0A0}.skippedodd td {background-color: #DDD}.skippedeven td {background-color: #CCC}.failedodd td,.attn {background-color: #F33}.failedeven td,.stripe .attn {background-color: #D00}.stacktrace {white-space:pre;font-family:monospace}.totop {font-size:85%;text-align:center;border-bottom:2px solid #000}</style></head><body><table><tr><th>Test</th><th># Passed</th><th># Skipped</th><th># Failed</th><th>Time (ms)</th><th>Included Groups</th><th>Excluded Groups</th></tr><tr><th colspan="7">AddToCart</th></tr><tr><td><a href="#t0">AddToCartChromeTest</a></td><td class="num">0</td><td class="num attn">1</td><td class="num">0</td><td class="num">69</td><td></td><td></td></tr><tr class="stripe"><td><a href="#t1">AddToCartFirefoxTest</a></td><td class="num">0</td><td class="num attn">1</td><td class="num">0</td><td class="num">2</td><td></td><td></td></tr><tr><th>Total</th><th class="num">0</th><th class="num attn">2</th><th class="num">0</th><th class="num">71</th><th colspan="2"></th></tr></table><table><thead><tr><th>Class</th><th>Method</th><th>Start</th><th>Time (ms)</th></tr></thead><tbody><tr><th colspan="4">AddToCart</th></tr></tbody><tbody id="t0"><tr><th colspan="4">AddToCartChromeTest &#8212; failed (configuration methods)</th></tr><tr class="failedeven"><td rowspan="2">com.selenium.tests.AddToCartTests</td><td><a href="#m0">setUpTest</a></td><td rowspan="1">1511646046203</td><td rowspan="1">0</td></tr><tr class="failedeven"><td><a href="#m1">tearDownTest</a></td><td rowspan="1">1511646046270</td><td rowspan="1">0</td></tr><tr><th colspan="4">AddToCartChromeTest &#8212; skipped</th></tr><tr class="skippedeven"><td rowspan="1">com.selenium.tests.AddToCartTests</td><td><a href="#m2">VerifyProductAddedToCartTest</a></td><td rowspan="1">1511646046269</td><td rowspan="1">0</td></tr></tbody><tbody id="t1"><tr><th colspan="4">AddToCartFirefoxTest &#8212; failed (configuration methods)</th></tr><tr class="failedeven"><td rowspan="2">com.selenium.tests.AddToCartTests</td><td><a href="#m3">setUpTest</a></td><td rowspan="1">1511646046333</td><td rowspan="1">0</td></tr><tr class="failedeven"><td><a href="#m4">tearDownTest</a></td><td rowspan="1">1511646046335</td><td rowspan="1">0</td></tr><tr><th colspan="4">AddToCartFirefoxTest &#8212; skipped</th></tr><tr class="skippedeven"><td rowspan="1">com.selenium.tests.AddToCartTests</td><td><a href="#m5">VerifyProductAddedToCartTest</a></td><td rowspan="1">1511646046334</td><td rowspan="1">0</td></tr></tbody></table><h2>AddToCartChromeTest</h2><h3 id="m0">com.selenium.tests.AddToCartTests#setUpTest</h3><table class="result"><tr><th>Exception</th></tr><tr><td><div class="stacktrace">java.lang.NoClassDefFoundError: com/google/common/collect/Maps
	at org.openqa.selenium.firefox.FirefoxProfile.&lt;init&gt;(FirefoxProfile.java:51)
	at org.openqa.selenium.firefox.FirefoxProfile.&lt;init&gt;(FirefoxProfile.java:71)
	at org.openqa.selenium.firefox.FirefoxProfile.&lt;init&gt;(FirefoxProfile.java:60)
	at com.selenium.utils.CustomFirefoxDriver.getDriver(CustomFirefoxDriver.java:24)
	at com.selenium.utils.BrowserSession.GetBrowserSession(BrowserSession.java:14)
	at com.selenium.tests.AddToCartTests.setUpTest(AddToCartTests.java:23)
Caused by: java.lang.ClassNotFoundException: com.google.common.collect.Maps
	at java.net.URLClassLoader.findClass(URLClassLoader.java:381)
	at java.lang.ClassLoader.loadClass(ClassLoader.java:424)
	at sun.misc.Launcher$AppClassLoader.loadClass(Launcher.java:331)
	at java.lang.ClassLoader.loadClass(ClassLoader.java:357)
	... 32 more
... Removed 26 stack frames</div></td></tr></table><p class="totop"><a href="#summary">back to summary</a></p><h3 id="m1">com.selenium.tests.AddToCartTests#tearDownTest</h3><table class="result"><tr><th>Exception</th></tr><tr><td><div class="stacktrace">java.lang.NullPointerException
	at com.selenium.tests.BaseTest.tearDownTest(BaseTest.java:27)
... Removed 26 stack frames</div></td></tr></table><p class="totop"><a href="#summary">back to summary</a></p><h3 id="m2">com.selenium.tests.AddToCartTests#VerifyProductAddedToCartTest</h3><table class="result"><tr class="param"><th>Parameter #1</th></tr><tr class="param stripe"><td>SanDisk Dual Drive 16GB micro-USB OTG On-The-Go USB 2.0 Flash Drive Thumb Pen</td></tr><tr><th>Exception</th></tr><tr><td><div class="stacktrace">java.lang.NoClassDefFoundError: com/google/common/collect/Maps
	at org.openqa.selenium.firefox.FirefoxProfile.&lt;init&gt;(FirefoxProfile.java:51)
	at org.openqa.selenium.firefox.FirefoxProfile.&lt;init&gt;(FirefoxProfile.java:71)
	at org.openqa.selenium.firefox.FirefoxProfile.&lt;init&gt;(FirefoxProfile.java:60)
	at com.selenium.utils.CustomFirefoxDriver.getDriver(CustomFirefoxDriver.java:24)
	at com.selenium.utils.BrowserSession.GetBrowserSession(BrowserSession.java:14)
	at com.selenium.tests.AddToCartTests.setUpTest(AddToCartTests.java:23)
Caused by: java.lang.ClassNotFoundException: com.google.common.collect.Maps
	at java.net.URLClassLoader.findClass(URLClassLoader.java:381)
	at java.lang.ClassLoader.loadClass(ClassLoader.java:424)
	at sun.misc.Launcher$AppClassLoader.loadClass(Launcher.java:331)
	at java.lang.ClassLoader.loadClass(ClassLoader.java:357)
	... 32 more
... Removed 26 stack frames</div></td></tr></table><p class="totop"><a href="#summary">back to summary</a></p><h2>AddToCartFirefoxTest</h2><h3 id="m3">com.selenium.tests.AddToCartTests#setUpTest</h3><table class="result"><tr><th>Exception</th></tr><tr><td><div class="stacktrace">java.lang.NoClassDefFoundError: com/google/common/collect/Maps
	at org.openqa.selenium.firefox.FirefoxProfile.&lt;init&gt;(FirefoxProfile.java:51)
	at org.openqa.selenium.firefox.FirefoxProfile.&lt;init&gt;(FirefoxProfile.java:71)
	at org.openqa.selenium.firefox.FirefoxProfile.&lt;init&gt;(FirefoxProfile.java:60)
	at com.selenium.utils.CustomFirefoxDriver.getDriver(CustomFirefoxDriver.java:24)
	at com.selenium.utils.BrowserSession.GetBrowserSession(BrowserSession.java:14)
	at com.selenium.tests.AddToCartTests.setUpTest(AddToCartTests.java:23)
... Removed 26 stack frames</div></td></tr></table><p class="totop"><a href="#summary">back to summary</a></p><h3 id="m4">com.selenium.tests.AddToCartTests#tearDownTest</h3><table class="result"><tr><th>Exception</th></tr><tr><td><div class="stacktrace">java.lang.NullPointerException
	at com.selenium.tests.BaseTest.tearDownTest(BaseTest.java:27)
... Removed 26 stack frames</div></td></tr></table><p class="totop"><a href="#summary">back to summary</a></p><h3 id="m5">com.selenium.tests.AddToCartTests#VerifyProductAddedToCartTest</h3><table class="result"><tr class="param"><th>Parameter #1</th></tr><tr class="param stripe"><td>SanDisk Dual Drive 16GB micro-USB OTG On-The-Go USB 2.0 Flash Drive Thumb Pen</td></tr><tr><th>Exception</th></tr><tr><td><div class="stacktrace">java.lang.NoClassDefFoundError: com/google/common/collect/Maps
	at org.openqa.selenium.firefox.FirefoxProfile.&lt;init&gt;(FirefoxProfile.java:51)
	at org.openqa.selenium.firefox.FirefoxProfile.&lt;init&gt;(FirefoxProfile.java:71)
	at org.openqa.selenium.firefox.FirefoxProfile.&lt;init&gt;(FirefoxProfile.java:60)
	at com.selenium.utils.CustomFirefoxDriver.getDriver(CustomFirefoxDriver.java:24)
	at com.selenium.utils.BrowserSession.GetBrowserSession(BrowserSession.java:14)
	at com.selenium.tests.AddToCartTests.setUpTest(AddToCartTests.java:23)
... Removed 26 stack frames</div></td></tr></table><p class="totop"><a href="#summary">back to summary</a></p></body></html>