<?xml version="1.0" encoding="UTF-8"?>
<!-- Generated by org.testng.reporters.JUnitXMLReporter -->
<testsuite hostname="L75305803" ignored="0" name="AddToCartChromeTest" tests="1" failures="0" timestamp="25 Nov 2017 21:40:46 GMT" time="0.069" errors="0">
  <testcase name="@BeforeTest setUpTest" time="0.0" classname="com.selenium.tests.AddToCartTests">
    <failure type="java.lang.NoClassDefFoundError" message="com/google/common/collect/Maps">
      <![CDATA[java.lang.NoClassDefFoundError: com/google/common/collect/Maps
	at org.openqa.selenium.firefox.FirefoxProfile.<init>(FirefoxProfile.java:51)
	at org.openqa.selenium.firefox.FirefoxProfile.<init>(FirefoxProfile.java:71)
	at org.openqa.selenium.firefox.FirefoxProfile.<init>(FirefoxProfile.java:60)
	at com.selenium.utils.CustomFirefoxDriver.getDriver(CustomFirefoxDriver.java:24)
	at com.selenium.utils.BrowserSession.GetBrowserSession(BrowserSession.java:14)
	at com.selenium.tests.AddToCartTests.setUpTest(AddToCartTests.java:23)
Caused by: java.lang.ClassNotFoundException: com.google.common.collect.Maps
	at java.net.URLClassLoader.findClass(URLClassLoader.java:381)
	at java.lang.ClassLoader.loadClass(ClassLoader.java:424)
	at sun.misc.Launcher$AppClassLoader.loadClass(Launcher.java:331)
	at java.lang.ClassLoader.loadClass(ClassLoader.java:357)
	... 32 more
... Removed 26 stack frames]]>
    </failure>
  </testcase> <!-- @BeforeTest setUpTest -->
  <testcase name="@AfterTest tearDownTest" time="0.0" classname="com.selenium.tests.BaseTest">
    <failure type="java.lang.NullPointerException">
      <![CDATA[java.lang.NullPointerException
	at com.selenium.tests.BaseTest.tearDownTest(BaseTest.java:27)
... Removed 26 stack frames]]>
    </failure>
  </testcase> <!-- @AfterTest tearDownTest -->
  <testcase name="VerifyProductAddedToCartTest" time="0.0" classname="com.selenium.tests.AddToCartTests">
    <skipped/>
  </testcase> <!-- VerifyProductAddedToCartTest -->
</testsuite> <!-- AddToCartChromeTest -->
